This file contains any messages produced by compilers while
running configure, to aid debugging if configure makes a mistake.

It was created by configure, which was
generated by GNU Autoconf 2.61.  Invocation command line was

  $ ./configure 

## --------- ##
## Platform. ##
## --------- ##

hostname = localhost.localdomain
uname -m = x86_64
uname -r = 4.15.9-300.fc27.x86_64
uname -s = Linux
uname -v = #1 SMP Mon Mar 12 17:07:55 UTC 2018

/usr/bin/uname -p = x86_64
/bin/uname -X     = unknown

/bin/arch              = x86_64
/usr/bin/arch -k       = unknown
/usr/convex/getsysinfo = unknown
/usr/bin/hostinfo      = unknown
/bin/machine           = unknown
/usr/bin/oslevel       = unknown
/bin/universe          = unknown

PATH: /usr/local/bin
PATH: /usr/local/sbin
PATH: /usr/bin
PATH: /usr/sbin
PATH: /home/msdostoevsky/.local/bin
PATH: /home/msdostoevsky/bin


## ----------- ##
## Core tests. ##
## ----------- ##

configure:2087: checking for gcc
configure:2103: found /usr/bin/gcc
configure:2114: result: gcc
configure:2352: checking for C compiler version
configure:2359: gcc --version >&5
gcc (GCC) 7.3.1 20180303 (Red Hat 7.3.1-5)
Copyright (C) 2017 Free Software Foundation, Inc.
This is free software; see the source for copying conditions.  There is NO
warranty; not even for MERCHANTABILITY or FITNESS FOR A PARTICULAR PURPOSE.

configure:2362: $? = 0
configure:2369: gcc -v >&5
Using built-in specs.
COLLECT_GCC=gcc
COLLECT_LTO_WRAPPER=/usr/libexec/gcc/x86_64-redhat-linux/7/lto-wrapper
OFFLOAD_TARGET_NAMES=nvptx-none
OFFLOAD_TARGET_DEFAULT=1
Target: x86_64-redhat-linux
Configured with: ../configure --enable-bootstrap --enable-languages=c,c++,objc,obj-c++,fortran,ada,go,lto --prefix=/usr --mandir=/usr/share/man --infodir=/usr/share/info --with-bugurl=http://bugzilla.redhat.com/bugzilla --enable-shared --enable-threads=posix --enable-checking=release --enable-multilib --with-system-zlib --enable-__cxa_atexit --disable-libunwind-exceptions --enable-gnu-unique-object --enable-linker-build-id --with-gcc-major-version-only --with-linker-hash-style=gnu --enable-plugin --enable-initfini-array --with-isl --enable-libmpx --enable-offload-targets=nvptx-none --without-cuda-driver --enable-gnu-indirect-function --with-tune=generic --with-arch_32=i686 --build=x86_64-redhat-linux
Thread model: posix
gcc version 7.3.1 20180303 (Red Hat 7.3.1-5) (GCC) 
configure:2372: $? = 0
configure:2379: gcc -V >&5
gcc: error: unrecognized command line option '-V'
gcc: fatal error: no input files
compilation terminated.
configure:2382: $? = 1
configure:2405: checking for C compiler default output file name
configure:2432: gcc    conftest.c  >&5
configure:2435: $? = 0
configure:2473: result: a.out
configure:2490: checking whether the C compiler works
configure:2500: ./a.out
configure:2503: $? = 0
configure:2520: result: yes
configure:2527: checking whether we are cross compiling
configure:2529: result: no
configure:2532: checking for suffix of executables
configure:2539: gcc -o conftest    conftest.c  >&5
configure:2542: $? = 0
configure:2566: result: 
configure:2572: checking for suffix of object files
configure:2598: gcc -c   conftest.c >&5
configure:2601: $? = 0
configure:2624: result: o
configure:2628: checking whether we are using the GNU C compiler
configure:2657: gcc -c   conftest.c >&5
configure:2663: $? = 0
configure:2680: result: yes
configure:2685: checking whether gcc accepts -g
configure:2715: gcc -c -g  conftest.c >&5
configure:2721: $? = 0
configure:2820: result: yes
configure:2837: checking for gcc option to accept ISO C89
configure:2911: gcc  -c -g -O2  conftest.c >&5
configure:2917: $? = 0
configure:2940: result: none needed
configure:3069: checking build system type
configure:3087: result: x86_64-unknown-linux-gnu
configure:3109: checking host system type
configure:3124: result: x86_64-unknown-linux-gnu
configure:3146: checking for a sed that does not truncate output
configure:3200: result: /usr/bin/sed
configure:3203: checking for grep that handles long lines and -e
configure:3277: result: /usr/bin/grep
configure:3282: checking for egrep
configure:3360: result: /usr/bin/grep -E
configure:3376: checking for ld used by gcc
configure:3443: result: /usr/bin/ld
configure:3452: checking if the linker (/usr/bin/ld) is GNU ld
configure:3467: result: yes
configure:3472: checking for /usr/bin/ld option to reload object files
configure:3479: result: -r
configure:3497: checking for BSD-compatible nm
configure:3546: result: /usr/bin/nm -B
configure:3550: checking whether ln -s works
configure:3554: result: yes
configure:3561: checking how to recognise dependent libraries
configure:3737: result: pass_all
configure:3825: gcc -c -g -O2  conftest.c >&5
configure:3828: $? = 0
configure:4261: checking how to run the C preprocessor
configure:4301: gcc -E  conftest.c
configure:4307: $? = 0
configure:4338: gcc -E  conftest.c
conftest.c:8:10: fatal error: ac_nonexistent.h: No such file or directory
 #include <ac_nonexistent.h>
          ^~~~~~~~~~~~~~~~~~
compilation terminated.
configure:4344: $? = 1
configure: failed program was:
| /* confdefs.h.  */
| #define PACKAGE_NAME ""
| #define PACKAGE_TARNAME ""
| #define PACKAGE_VERSION ""
| #define PACKAGE_STRING ""
| #define PACKAGE_BUGREPORT ""
| /* end confdefs.h.  */
| #include <ac_nonexistent.h>
configure:4377: result: gcc -E
configure:4406: gcc -E  conftest.c
configure:4412: $? = 0
configure:4443: gcc -E  conftest.c
conftest.c:8:10: fatal error: ac_nonexistent.h: No such file or directory
 #include <ac_nonexistent.h>
          ^~~~~~~~~~~~~~~~~~
compilation terminated.
configure:4449: $? = 1
configure: failed program was:
| /* confdefs.h.  */
| #define PACKAGE_NAME ""
| #define PACKAGE_TARNAME ""
| #define PACKAGE_VERSION ""
| #define PACKAGE_STRING ""
| #define PACKAGE_BUGREPORT ""
| /* end confdefs.h.  */
| #include <ac_nonexistent.h>
configure:4487: checking for ANSI C header files
configure:4517: gcc -c -g -O2  conftest.c >&5
configure:4523: $? = 0
configure:4622: gcc -o conftest -g -O2   conftest.c  >&5
configure:4625: $? = 0
configure:4631: ./conftest
configure:4634: $? = 0
configure:4651: result: yes
configure:4675: checking for sys/types.h
configure:4696: gcc -c -g -O2  conftest.c >&5
configure:4702: $? = 0
configure:4718: result: yes
configure:4675: checking for sys/stat.h
configure:4696: gcc -c -g -O2  conftest.c >&5
configure:4702: $? = 0
configure:4718: result: yes
configure:4675: checking for stdlib.h
configure:4696: gcc -c -g -O2  conftest.c >&5
configure:4702: $? = 0
configure:4718: result: yes
configure:4675: checking for string.h
configure:4696: gcc -c -g -O2  conftest.c >&5
configure:4702: $? = 0
configure:4718: result: yes
configure:4675: checking for memory.h
configure:4696: gcc -c -g -O2  conftest.c >&5
configure:4702: $? = 0
configure:4718: result: yes
configure:4675: checking for strings.h
configure:4696: gcc -c -g -O2  conftest.c >&5
configure:4702: $? = 0
configure:4718: result: yes
configure:4675: checking for inttypes.h
configure:4696: gcc -c -g -O2  conftest.c >&5
configure:4702: $? = 0
configure:4718: result: yes
configure:4675: checking for stdint.h
configure:4696: gcc -c -g -O2  conftest.c >&5
configure:4702: $? = 0
configure:4718: result: yes
configure:4675: checking for unistd.h
configure:4696: gcc -c -g -O2  conftest.c >&5
configure:4702: $? = 0
configure:4718: result: yes
configure:4745: checking dlfcn.h usability
configure:4762: gcc -c -g -O2  conftest.c >&5
configure:4768: $? = 0
configure:4782: result: yes
configure:4786: checking dlfcn.h presence
configure:4801: gcc -E  conftest.c
configure:4807: $? = 0
configure:4821: result: yes
configure:4849: checking for dlfcn.h
configure:4857: result: yes
configure:4928: checking for g++
configure:4944: found /usr/bin/g++
configure:4955: result: g++
configure:4986: checking for C++ compiler version
configure:4993: g++ --version >&5
g++ (GCC) 7.3.1 20180303 (Red Hat 7.3.1-5)
Copyright (C) 2017 Free Software Foundation, Inc.
This is free software; see the source for copying conditions.  There is NO
warranty; not even for MERCHANTABILITY or FITNESS FOR A PARTICULAR PURPOSE.

configure:4996: $? = 0
configure:5003: g++ -v >&5
Using built-in specs.
COLLECT_GCC=g++
COLLECT_LTO_WRAPPER=/usr/libexec/gcc/x86_64-redhat-linux/7/lto-wrapper
OFFLOAD_TARGET_NAMES=nvptx-none
OFFLOAD_TARGET_DEFAULT=1
Target: x86_64-redhat-linux
Configured with: ../configure --enable-bootstrap --enable-languages=c,c++,objc,obj-c++,fortran,ada,go,lto --prefix=/usr --mandir=/usr/share/man --infodir=/usr/share/info --with-bugurl=http://bugzilla.redhat.com/bugzilla --enable-shared --enable-threads=posix --enable-checking=release --enable-multilib --with-system-zlib --enable-__cxa_atexit --disable-libunwind-exceptions --enable-gnu-unique-object --enable-linker-build-id --with-gcc-major-version-only --with-linker-hash-style=gnu --enable-plugin --enable-initfini-array --with-isl --enable-libmpx --enable-offload-targets=nvptx-none --without-cuda-driver --enable-gnu-indirect-function --with-tune=generic --with-arch_32=i686 --build=x86_64-redhat-linux
Thread model: posix
gcc version 7.3.1 20180303 (Red Hat 7.3.1-5) (GCC) 
configure:5006: $? = 0
configure:5013: g++ -V >&5
g++: error: unrecognized command line option '-V'
g++: fatal error: no input files
compilation terminated.
configure:5016: $? = 1
configure:5019: checking whether we are using the GNU C++ compiler
configure:5048: g++ -c   conftest.cpp >&5
configure:5054: $? = 0
configure:5071: result: yes
configure:5076: checking whether g++ accepts -g
configure:5106: g++ -c -g  conftest.cpp >&5
configure:5112: $? = 0
configure:5211: result: yes
configure:5244: checking how to run the C++ preprocessor
configure:5280: g++ -E  conftest.cpp
configure:5286: $? = 0
configure:5317: g++ -E  conftest.cpp
conftest.cpp:19:10: fatal error: ac_nonexistent.h: No such file or directory
 #include <ac_nonexistent.h>
          ^~~~~~~~~~~~~~~~~~
compilation terminated.
configure:5323: $? = 1
configure: failed program was:
| /* confdefs.h.  */
| #define PACKAGE_NAME ""
| #define PACKAGE_TARNAME ""
| #define PACKAGE_VERSION ""
| #define PACKAGE_STRING ""
| #define PACKAGE_BUGREPORT ""
| #define STDC_HEADERS 1
| #define HAVE_SYS_TYPES_H 1
| #define HAVE_SYS_STAT_H 1
| #define HAVE_STDLIB_H 1
| #define HAVE_STRING_H 1
| #define HAVE_MEMORY_H 1
| #define HAVE_STRINGS_H 1
| #define HAVE_INTTYPES_H 1
| #define HAVE_STDINT_H 1
| #define HAVE_UNISTD_H 1
| #define HAVE_DLFCN_H 1
| /* end confdefs.h.  */
| #include <ac_nonexistent.h>
configure:5356: result: g++ -E
configure:5385: g++ -E  conftest.cpp
configure:5391: $? = 0
configure:5422: g++ -E  conftest.cpp
conftest.cpp:19:10: fatal error: ac_nonexistent.h: No such file or directory
 #include <ac_nonexistent.h>
          ^~~~~~~~~~~~~~~~~~
compilation terminated.
configure:5428: $? = 1
configure: failed program was:
| /* confdefs.h.  */
| #define PACKAGE_NAME ""
| #define PACKAGE_TARNAME ""
| #define PACKAGE_VERSION ""
| #define PACKAGE_STRING ""
| #define PACKAGE_BUGREPORT ""
| #define STDC_HEADERS 1
| #define HAVE_SYS_TYPES_H 1
| #define HAVE_SYS_STAT_H 1
| #define HAVE_STDLIB_H 1
| #define HAVE_STRING_H 1
| #define HAVE_MEMORY_H 1
| #define HAVE_STRINGS_H 1
| #define HAVE_INTTYPES_H 1
| #define HAVE_STDINT_H 1
| #define HAVE_UNISTD_H 1
| #define HAVE_DLFCN_H 1
| /* end confdefs.h.  */
| #include <ac_nonexistent.h>
configure:5521: checking for g77
configure:5551: result: no
configure:5521: checking for xlf
configure:5551: result: no
configure:5521: checking for f77
configure:5551: result: no
configure:5521: checking for frt
configure:5551: result: no
configure:5521: checking for pgf77
configure:5551: result: no
configure:5521: checking for cf77
configure:5551: result: no
configure:5521: checking for fort77
configure:5551: result: no
configure:5521: checking for fl32
configure:5551: result: no
configure:5521: checking for af77
configure:5551: result: no
configure:5521: checking for xlf90
configure:5551: result: no
configure:5521: checking for f90
configure:5551: result: no
configure:5521: checking for pgf90
configure:5551: result: no
configure:5521: checking for pghpf
configure:5551: result: no
configure:5521: checking for epcf90
configure:5551: result: no
configure:5521: checking for gfortran
configure:5537: found /usr/bin/gfortran
configure:5548: result: gfortran
configure:5578: checking for Fortran 77 compiler version
configure:5585: gfortran --version >&5
GNU Fortran (GCC) 7.3.1 20180303 (Red Hat 7.3.1-5)
Copyright (C) 2017 Free Software Foundation, Inc.
This is free software; see the source for copying conditions.  There is NO
warranty; not even for MERCHANTABILITY or FITNESS FOR A PARTICULAR PURPOSE.

configure:5588: $? = 0
configure:5595: gfortran -v >&5
Using built-in specs.
COLLECT_GCC=gfortran
COLLECT_LTO_WRAPPER=/usr/libexec/gcc/x86_64-redhat-linux/7/lto-wrapper
OFFLOAD_TARGET_NAMES=nvptx-none
OFFLOAD_TARGET_DEFAULT=1
Target: x86_64-redhat-linux
Configured with: ../configure --enable-bootstrap --enable-languages=c,c++,objc,obj-c++,fortran,ada,go,lto --prefix=/usr --mandir=/usr/share/man --infodir=/usr/share/info --with-bugurl=http://bugzilla.redhat.com/bugzilla --enable-shared --enable-threads=posix --enable-checking=release --enable-multilib --with-system-zlib --enable-__cxa_atexit --disable-libunwind-exceptions --enable-gnu-unique-object --enable-linker-build-id --with-gcc-major-version-only --with-linker-hash-style=gnu --enable-plugin --enable-initfini-array --with-isl --enable-libmpx --enable-offload-targets=nvptx-none --without-cuda-driver --enable-gnu-indirect-function --with-tune=generic --with-arch_32=i686 --build=x86_64-redhat-linux
Thread model: posix
gcc version 7.3.1 20180303 (Red Hat 7.3.1-5) (GCC) 
configure:5598: $? = 0
configure:5605: gfortran -V >&5
gfortran: error: unrecognized command line option '-V'
gfortran: fatal error: no input files
compilation terminated.
configure:5608: $? = 1
configure:5616: checking whether we are using the GNU Fortran 77 compiler
configure:5635: gfortran -c  conftest.F >&5
configure:5641: $? = 0
configure:5658: result: yes
configure:5664: checking whether gfortran accepts -g
configure:5681: gfortran -c -g conftest.f >&5
configure:5687: $? = 0
configure:5703: result: yes
configure:5733: checking the maximum length of command line arguments
configure:5842: result: 32768
configure:5853: checking command to parse /usr/bin/nm -B output from gcc object
configure:5958: gcc -c -g -O2  conftest.c >&5
configure:5961: $? = 0
configure:5965: /usr/bin/nm -B conftest.o \| sed -n -e 's/^.*[ 	]\([ABCDGIRSTW][ABCDGIRSTW]*\)[ 	][ 	]*\([_A-Za-z][_A-Za-z0-9]*\)$/\1 \2 \2/p' \> conftest.nm
configure:5968: $? = 0
configure:6020: gcc -o conftest -g -O2   conftest.c conftstm.o >&5
configure:6023: $? = 0
configure:6061: result: ok
configure:6065: checking for objdir
configure:6080: result: .libs
configure:6172: checking for ar
configure:6188: found /usr/bin/ar
configure:6199: result: ar
configure:6268: checking for ranlib
configure:6284: found /usr/bin/ranlib
configure:6295: result: ranlib
configure:6364: checking for strip
configure:6380: found /usr/bin/strip
configure:6391: result: strip
configure:6628: checking for correct ltmain.sh version
configure:6678: result: yes
configure:6738: checking if gcc supports -fno-rtti -fno-exceptions
configure:6756: gcc -c -g -O2  -fno-rtti -fno-exceptions conftest.c >&5
cc1: warning: command line option '-fno-rtti' is valid for C++/ObjC++ but not for C
configure:6760: $? = 0
configure:6773: result: no
configure:6788: checking for gcc option to produce PIC
configure:6998: result: -fPIC
configure:7006: checking if gcc PIC flag -fPIC works
configure:7024: gcc -c -g -O2  -fPIC -DPIC conftest.c >&5
configure:7028: $? = 0
configure:7041: result: yes
configure:7069: checking if gcc static flag -static works
configure:7097: result: no
configure:7107: checking if gcc supports -c -o file.o
configure:7128: gcc -c -g -O2  -o out/conftest2.o conftest.c >&5
configure:7132: $? = 0
configure:7154: result: yes
configure:7180: checking whether the gcc linker (/usr/bin/ld -m elf_x86_64) supports shared libraries
configure:8134: result: yes
configure:8155: checking whether -lc should be explicitly linked in
configure:8160: gcc -c -g -O2  conftest.c >&5
configure:8163: $? = 0
configure:8178: gcc -shared conftest.o  -v -Wl,-soname -Wl,conftest -o conftest 2\>\&1 \| grep  -lc  \>/dev/null 2\>\&1
configure:8181: $? = 0
configure:8193: result: no
configure:8201: checking dynamic linker characteristics
configure:8826: result: GNU/Linux ld.so
configure:8835: checking how to hardcode library paths into programs
configure:8860: result: immediate
configure:8874: checking whether stripping libraries is possible
configure:8879: result: yes
configure:9680: checking if libtool supports shared libraries
configure:9682: result: yes
configure:9685: checking whether to build shared libraries
configure:9706: result: yes
configure:9709: checking whether to build static libraries
configure:9713: result: yes
configure:9805: creating libtool
configure:10393: checking for ld used by g++
configure:10460: result: /usr/bin/ld -m elf_x86_64
configure:10469: checking if the linker (/usr/bin/ld -m elf_x86_64) is GNU ld
configure:10484: result: yes
configure:10535: checking whether the g++ linker (/usr/bin/ld -m elf_x86_64) supports shared libraries
configure:11469: result: yes
configure:11487: g++ -c -g -O2  conftest.cpp >&5
configure:11490: $? = 0
configure:11609: checking for g++ option to produce PIC
configure:11883: result: -fPIC
configure:11891: checking if g++ PIC flag -fPIC works
configure:11909: g++ -c -g -O2  -fPIC -DPIC conftest.cpp >&5
configure:11913: $? = 0
configure:11926: result: yes
configure:11954: checking if g++ static flag -static works
configure:11982: result: no
configure:11992: checking if g++ supports -c -o file.o
configure:12013: g++ -c -g -O2  -o out/conftest2.o conftest.cpp >&5
configure:12017: $? = 0
configure:12039: result: yes
configure:12065: checking whether the g++ linker (/usr/bin/ld -m elf_x86_64) supports shared libraries
configure:12090: result: yes
configure:12157: checking dynamic linker characteristics
configure:12782: result: GNU/Linux ld.so
configure:12791: checking how to hardcode library paths into programs
configure:12816: result: immediate
configure:13342: checking if libtool supports shared libraries
configure:13344: result: yes
configure:13347: checking whether to build shared libraries
configure:13367: result: yes
configure:13370: checking whether to build static libraries
configure:13374: result: yes
configure:13384: checking for gfortran option to produce PIC
configure:13594: result: -fPIC
configure:13602: checking if gfortran PIC flag -fPIC works
configure:13620: gfortran -c -g -O2 -fPIC conftest.f >&5
configure:13624: $? = 0
configure:13637: result: yes
configure:13665: checking if gfortran static flag -static works
configure:13693: result: no
configure:13703: checking if gfortran supports -c -o file.o
configure:13724: gfortran -c -g -O2 -o out/conftest2.o conftest.f >&5
configure:13728: $? = 0
configure:13750: result: yes
configure:13776: checking whether the gfortran linker (/usr/bin/ld -m elf_x86_64) supports shared libraries
configure:14710: result: yes
configure:14777: checking dynamic linker characteristics
configure:15402: result: GNU/Linux ld.so
configure:15411: checking how to hardcode library paths into programs
configure:15436: result: immediate
configure:19043: checking for a BSD-compatible install
configure:19099: result: /usr/bin/install -c
configure:19110: checking whether ln -s works
configure:19114: result: yes
configure:19123: checking for ar
configure:19141: found /usr/bin/ar
configure:19154: result: /usr/bin/ar
configure:19168: checking whether byte ordering is bigendian
configure:19201: gcc -c -g -O2  conftest.c >&5
configure:19207: $? = 0
configure:19239: gcc -c -g -O2  conftest.c >&5
conftest.c: In function 'main':
conftest.c:26:2: error: unknown type name 'not'; did you mean 'ino_t'?
  not big endian
  ^~~
  ino_t
conftest.c:26:10: error: expected '=', ',', ';', 'asm' or '__attribute__' before 'endian'
  not big endian
          ^~~~~~
configure:19245: $? = 1
configure: failed program was:
| /* confdefs.h.  */
| #define PACKAGE_NAME ""
| #define PACKAGE_TARNAME ""
| #define PACKAGE_VERSION ""
| #define PACKAGE_STRING ""
| #define PACKAGE_BUGREPORT ""
| #define STDC_HEADERS 1
| #define HAVE_SYS_TYPES_H 1
| #define HAVE_SYS_STAT_H 1
| #define HAVE_STDLIB_H 1
| #define HAVE_STRING_H 1
| #define HAVE_MEMORY_H 1
| #define HAVE_STRINGS_H 1
| #define HAVE_INTTYPES_H 1
| #define HAVE_STDINT_H 1
| #define HAVE_UNISTD_H 1
| #define HAVE_DLFCN_H 1
| /* end confdefs.h.  */
| #include <sys/types.h>
| #include <sys/param.h>
| 
| int
| main ()
| {
| #if BYTE_ORDER != BIG_ENDIAN
|  not big endian
| #endif
| 
|   ;
|   return 0;
| }
configure:19385: result: no
configure:19406: checking for snd_pcm_open in -lasound
configure:19441: gcc -o conftest -g -O2   conftest.c -lasound   >&5
/usr/bin/ld: cannot find -lasound
collect2: error: ld returned 1 exit status
configure:19447: $? = 1
configure: failed program was:
| /* confdefs.h.  */
| #define PACKAGE_NAME ""
| #define PACKAGE_TARNAME ""
| #define PACKAGE_VERSION ""
| #define PACKAGE_STRING ""
| #define PACKAGE_BUGREPORT ""
| #define STDC_HEADERS 1
| #define HAVE_SYS_TYPES_H 1
| #define HAVE_SYS_STAT_H 1
| #define HAVE_STDLIB_H 1
| #define HAVE_STRING_H 1
| #define HAVE_MEMORY_H 1
| #define HAVE_STRINGS_H 1
| #define HAVE_INTTYPES_H 1
| #define HAVE_STDINT_H 1
| #define HAVE_UNISTD_H 1
| #define HAVE_DLFCN_H 1
| /* end confdefs.h.  */
| 
| /* Override any GCC internal prototype to avoid an error.
|    Use char because int might match the return type of a GCC
|    builtin and then its argument prototype would still apply.  */
| #ifdef __cplusplus
| extern "C"
| #endif
| char snd_pcm_open ();
| int
| main ()
| {
| return snd_pcm_open ();
|   ;
|   return 0;
| }
configure:19465: result: no
configure:19473: checking for HPI_SubSysCreate in -lhpi
configure:19508: gcc -o conftest -g -O2   conftest.c -lhpi -lm  >&5
/usr/bin/ld: cannot find -lhpi
collect2: error: ld returned 1 exit status
configure:19514: $? = 1
configure: failed program was:
| /* confdefs.h.  */
| #define PACKAGE_NAME ""
| #define PACKAGE_TARNAME ""
| #define PACKAGE_VERSION ""
| #define PACKAGE_STRING ""
| #define PACKAGE_BUGREPORT ""
| #define STDC_HEADERS 1
| #define HAVE_SYS_TYPES_H 1
| #define HAVE_SYS_STAT_H 1
| #define HAVE_STDLIB_H 1
| #define HAVE_STRING_H 1
| #define HAVE_MEMORY_H 1
| #define HAVE_STRINGS_H 1
| #define HAVE_INTTYPES_H 1
| #define HAVE_STDINT_H 1
| #define HAVE_UNISTD_H 1
| #define HAVE_DLFCN_H 1
| /* end confdefs.h.  */
| 
| /* Override any GCC internal prototype to avoid an error.
|    Use char because int might match the return type of a GCC
|    builtin and then its argument prototype would still apply.  */
| #ifdef __cplusplus
| extern "C"
| #endif
| char HPI_SubSysCreate ();
| int
| main ()
| {
| return HPI_SubSysCreate ();
|   ;
|   return 0;
| }
configure:19532: result: no
configure:19540: checking for _oss_ioctl in -lossaudio
configure:19575: gcc -o conftest -g -O2   conftest.c -lossaudio   >&5
/usr/bin/ld: cannot find -lossaudio
collect2: error: ld returned 1 exit status
configure:19581: $? = 1
configure: failed program was:
| /* confdefs.h.  */
| #define PACKAGE_NAME ""
| #define PACKAGE_TARNAME ""
| #define PACKAGE_VERSION ""
| #define PACKAGE_STRING ""
| #define PACKAGE_BUGREPORT ""
| #define STDC_HEADERS 1
| #define HAVE_SYS_TYPES_H 1
| #define HAVE_SYS_STAT_H 1
| #define HAVE_STDLIB_H 1
| #define HAVE_STRING_H 1
| #define HAVE_MEMORY_H 1
| #define HAVE_STRINGS_H 1
| #define HAVE_INTTYPES_H 1
| #define HAVE_STDINT_H 1
| #define HAVE_UNISTD_H 1
| #define HAVE_DLFCN_H 1
| /* end confdefs.h.  */
| 
| /* Override any GCC internal prototype to avoid an error.
|    Use char because int might match the return type of a GCC
|    builtin and then its argument prototype would still apply.  */
| #ifdef __cplusplus
| extern "C"
| #endif
| char _oss_ioctl ();
| int
| main ()
| {
| return _oss_ioctl ();
|   ;
|   return 0;
| }
configure:19599: result: no
configure:19658: checking for pkg-config
configure:19676: found /usr/bin/pkg-config
configure:19688: result: /usr/bin/pkg-config
configure:19717: checking pkg-config is at least version 0.9.0
configure:19720: result: yes
configure:19731: checking for JACK
configure:19739: $PKG_CONFIG --exists --print-errors "jack"
Package jack was not found in the pkg-config search path.
Perhaps you should add the directory containing `jack.pc'
to the PKG_CONFIG_PATH environment variable
Package 'jack', required by 'virtual:world', not found
configure:19742: $? = 1
configure:19757: $PKG_CONFIG --exists --print-errors "jack"
Package jack was not found in the pkg-config search path.
Perhaps you should add the directory containing `jack.pc'
to the PKG_CONFIG_PATH environment variable
Package 'jack', required by 'virtual:world', not found
configure:19760: $? = 1
Package 'jack', required by 'virtual:world', not found
configure:19816: checking sys/soundcard.h usability
configure:19833: gcc -c -g -O2  conftest.c >&5
configure:19839: $? = 0
configure:19853: result: yes
configure:19857: checking sys/soundcard.h presence
configure:19872: gcc -E  conftest.c
configure:19878: $? = 0
configure:19892: result: yes
configure:19920: checking for sys/soundcard.h
configure:19928: result: yes
configure:19816: checking linux/soundcard.h usability
configure:19833: gcc -c -g -O2  conftest.c >&5
configure:19839: $? = 0
configure:19853: result: yes
configure:19857: checking linux/soundcard.h presence
configure:19872: gcc -E  conftest.c
configure:19878: $? = 0
configure:19892: result: yes
configure:19920: checking for linux/soundcard.h
configure:19928: result: yes
configure:19816: checking machine/soundcard.h usability
configure:19833: gcc -c -g -O2  conftest.c >&5
conftest.c:54:10: fatal error: machine/soundcard.h: No such file or directory
 #include <machine/soundcard.h>
          ^~~~~~~~~~~~~~~~~~~~~
compilation terminated.
configure:19839: $? = 1
configure: failed program was:
| /* confdefs.h.  */
| #define PACKAGE_NAME ""
| #define PACKAGE_TARNAME ""
| #define PACKAGE_VERSION ""
| #define PACKAGE_STRING ""
| #define PACKAGE_BUGREPORT ""
| #define STDC_HEADERS 1
| #define HAVE_SYS_TYPES_H 1
| #define HAVE_SYS_STAT_H 1
| #define HAVE_STDLIB_H 1
| #define HAVE_STRING_H 1
| #define HAVE_MEMORY_H 1
| #define HAVE_STRINGS_H 1
| #define HAVE_INTTYPES_H 1
| #define HAVE_STDINT_H 1
| #define HAVE_UNISTD_H 1
| #define HAVE_DLFCN_H 1
| #define HAVE_SYS_SOUNDCARD_H 1
| #define HAVE_LINUX_SOUNDCARD_H 1
| /* end confdefs.h.  */
| #include <stdio.h>
| #ifdef HAVE_SYS_TYPES_H
| # include <sys/types.h>
| #endif
| #ifdef HAVE_SYS_STAT_H
| # include <sys/stat.h>
| #endif
| #ifdef STDC_HEADERS
| # include <stdlib.h>
| # include <stddef.h>
| #else
| # ifdef HAVE_STDLIB_H
| #  include <stdlib.h>
| # endif
| #endif
| #ifdef HAVE_STRING_H
| # if !defined STDC_HEADERS && defined HAVE_MEMORY_H
| #  include <memory.h>
| # endif
| # include <string.h>
| #endif
| #ifdef HAVE_STRINGS_H
| # include <strings.h>
| #endif
| #ifdef HAVE_INTTYPES_H
| # include <inttypes.h>
| #endif
| #ifdef HAVE_STDINT_H
| # include <stdint.h>
| #endif
| #ifdef HAVE_UNISTD_H
| # include <unistd.h>
| #endif
| #include <machine/soundcard.h>
configure:19853: result: no
configure:19857: checking machine/soundcard.h presence
configure:19872: gcc -E  conftest.c
conftest.c:21:10: fatal error: machine/soundcard.h: No such file or directory
 #include <machine/soundcard.h>
          ^~~~~~~~~~~~~~~~~~~~~
compilation terminated.
configure:19878: $? = 1
configure: failed program was:
| /* confdefs.h.  */
| #define PACKAGE_NAME ""
| #define PACKAGE_TARNAME ""
| #define PACKAGE_VERSION ""
| #define PACKAGE_STRING ""
| #define PACKAGE_BUGREPORT ""
| #define STDC_HEADERS 1
| #define HAVE_SYS_TYPES_H 1
| #define HAVE_SYS_STAT_H 1
| #define HAVE_STDLIB_H 1
| #define HAVE_STRING_H 1
| #define HAVE_MEMORY_H 1
| #define HAVE_STRINGS_H 1
| #define HAVE_INTTYPES_H 1
| #define HAVE_STDINT_H 1
| #define HAVE_UNISTD_H 1
| #define HAVE_DLFCN_H 1
| #define HAVE_SYS_SOUNDCARD_H 1
| #define HAVE_LINUX_SOUNDCARD_H 1
| /* end confdefs.h.  */
| #include <machine/soundcard.h>
configure:19892: result: no
configure:19920: checking for machine/soundcard.h
configure:19928: result: no
configure:19943: checking for short
configure:19973: gcc -c -g -O2  conftest.c >&5
configure:19979: $? = 0
configure:19994: result: yes
configure:20001: checking size of short
configure:20303: gcc -o conftest -g -O2   conftest.c  >&5
configure:20306: $? = 0
configure:20312: ./conftest
configure:20315: $? = 0
configure:20338: result: 2
configure:20348: checking for int
configure:20378: gcc -c -g -O2  conftest.c >&5
configure:20384: $? = 0
configure:20399: result: yes
configure:20406: checking size of int
configure:20708: gcc -o conftest -g -O2   conftest.c  >&5
configure:20711: $? = 0
configure:20717: ./conftest
configure:20720: $? = 0
configure:20743: result: 4
configure:20753: checking for long
configure:20783: gcc -c -g -O2  conftest.c >&5
configure:20789: $? = 0
configure:20804: result: yes
configure:20811: checking size of long
configure:21113: gcc -o conftest -g -O2   conftest.c  >&5
configure:21116: $? = 0
configure:21122: ./conftest
configure:21125: $? = 0
configure:21148: result: 8
configure:21160: checking for clock_gettime in -lrt
configure:21195: gcc -o conftest -g -O2   conftest.c -lrt   >&5
configure:21201: $? = 0
configure:21219: result: yes
configure:21232: checking for clock_gettime
configure:21288: gcc -o conftest -g -O2   conftest.c  -lrt >&5
configure:21294: $? = 0
configure:21312: result: yes
configure:21232: checking for nanosleep
configure:21288: gcc -o conftest -g -O2   conftest.c  -lrt >&5
configure:21294: $? = 0
configure:21312: result: yes
configure:21715: checking for pthread_create in -lpthread
configure:21750: gcc -o conftest -g -O2 -DPA_LITTLE_ENDIAN   conftest.c -lpthread   >&5
configure:21756: $? = 0
configure:21774: result: yes
configure:21991: creating ./config.status

## ---------------------- ##
## Running config.status. ##
## ---------------------- ##

This file was extended by config.status, which was
generated by GNU Autoconf 2.61.  Invocation command line was

  CONFIG_FILES    = 
  CONFIG_HEADERS  = 
  CONFIG_LINKS    = 
  CONFIG_COMMANDS = 
  $ ./config.status 

on localhost.localdomain

config.status:619: creating Makefile
config.status:619: creating portaudio-2.0.pc

## ---------------- ##
## Cache variables. ##
## ---------------- ##

ac_cv_build=x86_64-unknown-linux-gnu
ac_cv_c_bigendian=no
ac_cv_c_compiler_gnu=yes
ac_cv_cxx_compiler_gnu=yes
ac_cv_env_CCC_set=
ac_cv_env_CCC_value=
ac_cv_env_CC_set=
ac_cv_env_CC_value=
ac_cv_env_CFLAGS_set=
ac_cv_env_CFLAGS_value=
ac_cv_env_CPPFLAGS_set=
ac_cv_env_CPPFLAGS_value=
ac_cv_env_CPP_set=
ac_cv_env_CPP_value=
ac_cv_env_CXXCPP_set=
ac_cv_env_CXXCPP_value=
ac_cv_env_CXXFLAGS_set=
ac_cv_env_CXXFLAGS_value=
ac_cv_env_CXX_set=
ac_cv_env_CXX_value=
ac_cv_env_F77_set=
ac_cv_env_F77_value=
ac_cv_env_FFLAGS_set=
ac_cv_env_FFLAGS_value=
ac_cv_env_JACK_CFLAGS_set=
ac_cv_env_JACK_CFLAGS_value=
ac_cv_env_JACK_LIBS_set=
ac_cv_env_JACK_LIBS_value=
ac_cv_env_LDFLAGS_set=
ac_cv_env_LDFLAGS_value=
ac_cv_env_LIBS_set=
ac_cv_env_LIBS_value=
ac_cv_env_PKG_CONFIG_set=
ac_cv_env_PKG_CONFIG_value=
ac_cv_env_build_alias_set=
ac_cv_env_build_alias_value=
ac_cv_env_host_alias_set=
ac_cv_env_host_alias_value=
ac_cv_env_target_alias_set=
ac_cv_env_target_alias_value=
ac_cv_f77_compiler_gnu=yes
ac_cv_func_clock_gettime=yes
ac_cv_func_nanosleep=yes
ac_cv_header_dlfcn_h=yes
ac_cv_header_inttypes_h=yes
ac_cv_header_linux_soundcard_h=yes
ac_cv_header_machine_soundcard_h=no
ac_cv_header_memory_h=yes
ac_cv_header_stdc=yes
ac_cv_header_stdint_h=yes
ac_cv_header_stdlib_h=yes
ac_cv_header_string_h=yes
ac_cv_header_strings_h=yes
ac_cv_header_sys_soundcard_h=yes
ac_cv_header_sys_stat_h=yes
ac_cv_header_sys_types_h=yes
ac_cv_header_unistd_h=yes
ac_cv_host=x86_64-unknown-linux-gnu
ac_cv_lib_asound_snd_pcm_open=no
ac_cv_lib_hpi_HPI_SubSysCreate=no
ac_cv_lib_ossaudio__oss_ioctl=no
ac_cv_lib_pthread_pthread_create=yes
ac_cv_lib_rt_clock_gettime=yes
ac_cv_objext=o
ac_cv_path_AR=/usr/bin/ar
ac_cv_path_EGREP='/usr/bin/grep -E'
ac_cv_path_GREP=/usr/bin/grep
ac_cv_path_ac_pt_PKG_CONFIG=/usr/bin/pkg-config
ac_cv_path_install='/usr/bin/install -c'
ac_cv_prog_CPP='gcc -E'
ac_cv_prog_CXXCPP='g++ -E'
ac_cv_prog_ac_ct_AR=ar
ac_cv_prog_ac_ct_CC=gcc
ac_cv_prog_ac_ct_CXX=g++
ac_cv_prog_ac_ct_F77=gfortran
ac_cv_prog_ac_ct_RANLIB=ranlib
ac_cv_prog_ac_ct_STRIP=strip
ac_cv_prog_cc_c89=
ac_cv_prog_cc_g=yes
ac_cv_prog_cxx_g=yes
ac_cv_prog_f77_g=yes
ac_cv_sizeof_int=4
ac_cv_sizeof_long=8
ac_cv_sizeof_short=2
ac_cv_type_int=yes
ac_cv_type_long=yes
ac_cv_type_short=yes
lt_cv_deplibs_check_method=pass_all
lt_cv_file_magic_cmd='$MAGIC_CMD'
lt_cv_file_magic_test_file=
lt_cv_ld_reload_flag=-r
lt_cv_objdir=.libs
lt_cv_path_LD=/usr/bin/ld
lt_cv_path_LDCXX='/usr/bin/ld -m elf_x86_64'
lt_cv_path_NM='/usr/bin/nm -B'
lt_cv_path_SED=/usr/bin/sed
lt_cv_prog_compiler_c_o=yes
lt_cv_prog_compiler_c_o_CXX=yes
lt_cv_prog_compiler_c_o_F77=yes
lt_cv_prog_compiler_rtti_exceptions=no
lt_cv_prog_gnu_ld=yes
lt_cv_prog_gnu_ldcxx=yes
lt_cv_sys_global_symbol_pipe='sed -n -e '\''s/^.*[ 	]\([ABCDGIRSTW][ABCDGIRSTW]*\)[ 	][ 	]*\([_A-Za-z][_A-Za-z0-9]*\)$/\1 \2 \2/p'\'''
lt_cv_sys_global_symbol_to_c_name_address='sed -n -e '\''s/^: \([^ ]*\) $/  {\"\1\", (lt_ptr) 0},/p'\'' -e '\''s/^[BCDEGRST] \([^ ]*\) \([^ ]*\)$/  {"\2", (lt_ptr) \&\2},/p'\'''
lt_cv_sys_global_symbol_to_cdecl='sed -n -e '\''s/^. .* \(.*\)$/extern int \1;/p'\'''
lt_cv_sys_max_cmd_len=32768
lt_lt_cv_prog_compiler_c_o='"yes"'
lt_lt_cv_prog_compiler_c_o_CXX='"yes"'
lt_lt_cv_prog_compiler_c_o_F77='"yes"'
lt_lt_cv_sys_global_symbol_pipe='"sed -n -e '\''s/^.*[ 	]\\([ABCDGIRSTW][ABCDGIRSTW]*\\)[ 	][ 	]*\\([_A-Za-z][_A-Za-z0-9]*\\)\$/\\1 \\2 \\2/p'\''"'
lt_lt_cv_sys_global_symbol_to_c_name_address='"sed -n -e '\''s/^: \\([^ ]*\\) \$/  {\\\"\\1\\\", (lt_ptr) 0},/p'\'' -e '\''s/^[BCDEGRST] \\([^ ]*\\) \\([^ ]*\\)\$/  {\"\\2\", (lt_ptr) \\&\\2},/p'\''"'
lt_lt_cv_sys_global_symbol_to_cdecl='"sed -n -e '\''s/^. .* \\(.*\\)\$/extern int \\1;/p'\''"'

## ----------------- ##
## Output variables. ##
## ----------------- ##

AR='/usr/bin/ar'
AS='as'
CC='gcc'
CFLAGS='-g -O2 -DPA_LITTLE_ENDIAN -pthread'
CPP='gcc -E'
CPPFLAGS=''
CXX='g++'
CXXCPP='g++ -E'
CXXFLAGS='-g -O2'
DEFS='-DPACKAGE_NAME=\"\" -DPACKAGE_TARNAME=\"\" -DPACKAGE_VERSION=\"\" -DPACKAGE_STRING=\"\" -DPACKAGE_BUGREPORT=\"\" -DSTDC_HEADERS=1 -DHAVE_SYS_TYPES_H=1 -DHAVE_SYS_STAT_H=1 -DHAVE_STDLIB_H=1 -DHAVE_STRING_H=1 -DHAVE_MEMORY_H=1 -DHAVE_STRINGS_H=1 -DHAVE_INTTYPES_H=1 -DHAVE_STDINT_H=1 -DHAVE_UNISTD_H=1 -DHAVE_DLFCN_H=1 -DHAVE_SYS_SOUNDCARD_H=1 -DHAVE_LINUX_SOUNDCARD_H=1 -DSIZEOF_SHORT=2 -DSIZEOF_INT=4 -DSIZEOF_LONG=8 -DHAVE_CLOCK_GETTIME=1 -DHAVE_NANOSLEEP=1 -DPA_USE_OSS=1'
DLLTOOL='dlltool'
DLL_LIBS=' -lrt -lm -lpthread'
ECHO='echo'
ECHO_C=''
ECHO_N='-n'
ECHO_T=''
EGREP='/usr/bin/grep -E'
ENABLE_CXX_FALSE=''
ENABLE_CXX_TRUE='#'
EXEEXT=''
F77='gfortran'
FFLAGS='-g -O2'
GREP='/usr/bin/grep'
INSTALL_DATA='${INSTALL} -m 644'
INSTALL_PROGRAM='${INSTALL}'
INSTALL_SCRIPT='${INSTALL}'
JACK_CFLAGS=''
JACK_LIBS=''
LDFLAGS=''
LIBOBJS=''
LIBS=' -lm -lpthread'
LIBTOOL='$(SHELL) $(top_builddir)/libtool'
LN_S='ln -s'
LTLIBOBJS=''
LT_AGE='0'
LT_CURRENT='2'
LT_REVISION='0'
NASM=''
NASMOPT=''
OBJDUMP='objdump'
OBJEXT='o'
OTHER_OBJS=' src/hostapi/oss/pa_unix_oss.o src/os/unix/pa_unix_hostapis.o src/os/unix/pa_unix_util.o'
PACKAGE_BUGREPORT=''
PACKAGE_NAME=''
PACKAGE_STRING=''
PACKAGE_TARNAME=''
PACKAGE_VERSION=''
PADLL='libportaudio.so'
PATH_SEPARATOR=':'
PKG_CONFIG='/usr/bin/pkg-config'
RANLIB='ranlib'
SHARED_FLAGS='-shared -fPIC'
SHELL='/bin/sh'
STRIP='strip'
THREAD_CFLAGS='-pthread'
ac_ct_CC='gcc'
ac_ct_CXX='g++'
ac_ct_F77='gfortran'
bindir='${exec_prefix}/bin'
build='x86_64-unknown-linux-gnu'
build_alias=''
build_cpu='x86_64'
build_os='linux-gnu'
build_vendor='unknown'
datadir='${datarootdir}'
datarootdir='${prefix}/share'
docdir='${datarootdir}/doc/${PACKAGE}'
dvidir='${docdir}'
exec_prefix='${prefix}'
host='x86_64-unknown-linux-gnu'
host_alias=''
host_cpu='x86_64'
host_os='linux-gnu'
host_vendor='unknown'
htmldir='${docdir}'
includedir='${prefix}/include'
infodir='${datarootdir}/info'
libdir='${exec_prefix}/lib'
libexecdir='${exec_prefix}/libexec'
localedir='${datarootdir}/locale'
localstatedir='${prefix}/var'
mandir='${datarootdir}/man'
oldincludedir='/usr/include'
pdfdir='${docdir}'
prefix='/usr/local'
program_transform_name='s,x,x,'
psdir='${docdir}'
sbindir='${exec_prefix}/sbin'
sharedstatedir='${prefix}/com'
subdirs=''
sysconfdir='${prefix}/etc'
target_alias=''

## ----------- ##
## confdefs.h. ##
## ----------- ##

#define PACKAGE_NAME ""
#define PACKAGE_TARNAME ""
#define PACKAGE_VERSION ""
#define PACKAGE_STRING ""
#define PACKAGE_BUGREPORT ""
#define STDC_HEADERS 1
#define HAVE_SYS_TYPES_H 1
#define HAVE_SYS_STAT_H 1
#define HAVE_STDLIB_H 1
#define HAVE_STRING_H 1
#define HAVE_MEMORY_H 1
#define HAVE_STRINGS_H 1
#define HAVE_INTTYPES_H 1
#define HAVE_STDINT_H 1
#define HAVE_UNISTD_H 1
#define HAVE_DLFCN_H 1
#define HAVE_SYS_SOUNDCARD_H 1
#define HAVE_LINUX_SOUNDCARD_H 1
#define SIZEOF_SHORT 2
#define SIZEOF_INT 4
#define SIZEOF_LONG 8
#define HAVE_CLOCK_GETTIME 1
#define HAVE_NANOSLEEP 1
#define PA_USE_OSS 1

configure: exit 0
