This file contains any messages produced by compilers while
running configure, to aid debugging if configure makes a mistake.

It was created by . configure 1, which was
generated by GNU Autoconf 2.69.  Invocation command line was

  $ ./configure --with-portaudio=portaudio/

## --------- ##
## Platform. ##
## --------- ##

hostname = localhost.localdomain
uname -m = x86_64
uname -r = 4.15.9-300.fc27.x86_64
uname -s = Linux
uname -v = #1 SMP Mon Mar 12 17:07:55 UTC 2018

/usr/bin/uname -p = x86_64
/bin/uname -X     = unknown

/bin/arch              = x86_64
/usr/bin/arch -k       = unknown
/usr/convex/getsysinfo = unknown
/usr/bin/hostinfo      = unknown
/bin/machine           = unknown
/usr/bin/oslevel       = unknown
/bin/universe          = unknown

PATH: /usr/local/bin
PATH: /usr/local/sbin
PATH: /usr/bin
PATH: /usr/sbin
PATH: /home/msdostoevsky/.local/bin
PATH: /home/msdostoevsky/bin


## ----------- ##
## Core tests. ##
## ----------- ##

configure:2431: checking for a BSD-compatible install
configure:2499: result: /usr/bin/install -c
configure:2510: checking whether build environment is sane
configure:2565: result: yes
configure:2716: checking for a thread-safe mkdir -p
configure:2755: result: /usr/bin/mkdir -p
configure:2762: checking for gawk
configure:2778: found /usr/bin/gawk
configure:2789: result: gawk
configure:2800: checking whether make sets $(MAKE)
configure:2822: result: yes
configure:2851: checking whether make supports nested variables
configure:2868: result: yes
configure:3047: checking for gcc
configure:3063: found /usr/bin/gcc
configure:3074: result: gcc
configure:3303: checking for C compiler version
configure:3312: gcc --version >&5
gcc (GCC) 7.3.1 20180303 (Red Hat 7.3.1-5)
Copyright (C) 2017 Free Software Foundation, Inc.
This is free software; see the source for copying conditions.  There is NO
warranty; not even for MERCHANTABILITY or FITNESS FOR A PARTICULAR PURPOSE.

configure:3323: $? = 0
configure:3312: gcc -v >&5
Using built-in specs.
COLLECT_GCC=gcc
COLLECT_LTO_WRAPPER=/usr/libexec/gcc/x86_64-redhat-linux/7/lto-wrapper
OFFLOAD_TARGET_NAMES=nvptx-none
OFFLOAD_TARGET_DEFAULT=1
Target: x86_64-redhat-linux
Configured with: ../configure --enable-bootstrap --enable-languages=c,c++,objc,obj-c++,fortran,ada,go,lto --prefix=/usr --mandir=/usr/share/man --infodir=/usr/share/info --with-bugurl=http://bugzilla.redhat.com/bugzilla --enable-shared --enable-threads=posix --enable-checking=release --enable-multilib --with-system-zlib --enable-__cxa_atexit --disable-libunwind-exceptions --enable-gnu-unique-object --enable-linker-build-id --with-gcc-major-version-only --with-linker-hash-style=gnu --enable-plugin --enable-initfini-array --with-isl --enable-libmpx --enable-offload-targets=nvptx-none --without-cuda-driver --enable-gnu-indirect-function --with-tune=generic --with-arch_32=i686 --build=x86_64-redhat-linux
Thread model: posix
gcc version 7.3.1 20180303 (Red Hat 7.3.1-5) (GCC) 
configure:3323: $? = 0
configure:3312: gcc -V >&5
gcc: error: unrecognized command line option '-V'
gcc: fatal error: no input files
compilation terminated.
configure:3323: $? = 1
configure:3312: gcc -qversion >&5
gcc: error: unrecognized command line option '-qversion'; did you mean '--version'?
gcc: fatal error: no input files
compilation terminated.
configure:3323: $? = 1
configure:3343: checking whether the C compiler works
configure:3365: gcc    conftest.c  >&5
configure:3369: $? = 0
configure:3417: result: yes
configure:3420: checking for C compiler default output file name
configure:3422: result: a.out
configure:3428: checking for suffix of executables
configure:3435: gcc -o conftest    conftest.c  >&5
configure:3439: $? = 0
configure:3461: result: 
configure:3483: checking whether we are cross compiling
configure:3491: gcc -o conftest    conftest.c  >&5
configure:3495: $? = 0
configure:3502: ./conftest
configure:3506: $? = 0
configure:3521: result: no
configure:3526: checking for suffix of object files
configure:3548: gcc -c   conftest.c >&5
configure:3552: $? = 0
configure:3573: result: o
configure:3577: checking whether we are using the GNU C compiler
configure:3596: gcc -c   conftest.c >&5
configure:3596: $? = 0
configure:3605: result: yes
configure:3614: checking whether gcc accepts -g
configure:3634: gcc -c -g  conftest.c >&5
configure:3634: $? = 0
configure:3675: result: yes
configure:3692: checking for gcc option to accept ISO C89
configure:3755: gcc  -c -g -O2  conftest.c >&5
configure:3755: $? = 0
configure:3768: result: none needed
configure:3793: checking whether gcc understands -c and -o together
configure:3815: gcc -c conftest.c -o conftest2.o
configure:3818: $? = 0
configure:3815: gcc -c conftest.c -o conftest2.o
configure:3818: $? = 0
configure:3830: result: yes
configure:3858: checking for style of include used by make
configure:3886: result: GNU
configure:3912: checking dependency style of gcc
configure:4023: result: gcc3
configure:4096: checking for g++
configure:4112: found /usr/bin/g++
configure:4123: result: g++
configure:4150: checking for C++ compiler version
configure:4159: g++ --version >&5
g++ (GCC) 7.3.1 20180303 (Red Hat 7.3.1-5)
Copyright (C) 2017 Free Software Foundation, Inc.
This is free software; see the source for copying conditions.  There is NO
warranty; not even for MERCHANTABILITY or FITNESS FOR A PARTICULAR PURPOSE.

configure:4170: $? = 0
configure:4159: g++ -v >&5
Using built-in specs.
COLLECT_GCC=g++
COLLECT_LTO_WRAPPER=/usr/libexec/gcc/x86_64-redhat-linux/7/lto-wrapper
OFFLOAD_TARGET_NAMES=nvptx-none
OFFLOAD_TARGET_DEFAULT=1
Target: x86_64-redhat-linux
Configured with: ../configure --enable-bootstrap --enable-languages=c,c++,objc,obj-c++,fortran,ada,go,lto --prefix=/usr --mandir=/usr/share/man --infodir=/usr/share/info --with-bugurl=http://bugzilla.redhat.com/bugzilla --enable-shared --enable-threads=posix --enable-checking=release --enable-multilib --with-system-zlib --enable-__cxa_atexit --disable-libunwind-exceptions --enable-gnu-unique-object --enable-linker-build-id --with-gcc-major-version-only --with-linker-hash-style=gnu --enable-plugin --enable-initfini-array --with-isl --enable-libmpx --enable-offload-targets=nvptx-none --without-cuda-driver --enable-gnu-indirect-function --with-tune=generic --with-arch_32=i686 --build=x86_64-redhat-linux
Thread model: posix
gcc version 7.3.1 20180303 (Red Hat 7.3.1-5) (GCC) 
configure:4170: $? = 0
configure:4159: g++ -V >&5
g++: error: unrecognized command line option '-V'
g++: fatal error: no input files
compilation terminated.
configure:4170: $? = 1
configure:4159: g++ -qversion >&5
g++: error: unrecognized command line option '-qversion'; did you mean '--version'?
g++: fatal error: no input files
compilation terminated.
configure:4170: $? = 1
configure:4174: checking whether we are using the GNU C++ compiler
configure:4193: g++ -c   conftest.cpp >&5
configure:4193: $? = 0
configure:4202: result: yes
configure:4211: checking whether g++ accepts -g
configure:4231: g++ -c -g  conftest.cpp >&5
configure:4231: $? = 0
configure:4272: result: yes
configure:4297: checking dependency style of g++
configure:4408: result: gcc3
configure:4453: checking build system type
configure:4467: result: x86_64-pc-linux-gnu
configure:4487: checking host system type
configure:4500: result: x86_64-pc-linux-gnu
configure:4541: checking how to print strings
configure:4568: result: printf
configure:4589: checking for a sed that does not truncate output
configure:4653: result: /usr/bin/sed
configure:4671: checking for grep that handles long lines and -e
configure:4729: result: /usr/bin/grep
configure:4734: checking for egrep
configure:4796: result: /usr/bin/grep -E
configure:4801: checking for fgrep
configure:4863: result: /usr/bin/grep -F
configure:4898: checking for ld used by gcc
configure:4965: result: /usr/bin/ld
configure:4972: checking if the linker (/usr/bin/ld) is GNU ld
configure:4987: result: yes
configure:4999: checking for BSD- or MS-compatible name lister (nm)
configure:5053: result: /usr/bin/nm -B
configure:5183: checking the name lister (/usr/bin/nm -B) interface
configure:5190: gcc -c -g -O2  conftest.c >&5
configure:5193: /usr/bin/nm -B "conftest.o"
configure:5196: output
0000000000000000 B some_variable
configure:5203: result: BSD nm
configure:5206: checking whether ln -s works
configure:5210: result: yes
configure:5218: checking the maximum length of command line arguments
configure:5349: result: 1572864
configure:5397: checking how to convert x86_64-pc-linux-gnu file names to x86_64-pc-linux-gnu format
configure:5437: result: func_convert_file_noop
configure:5444: checking how to convert x86_64-pc-linux-gnu file names to toolchain format
configure:5464: result: func_convert_file_noop
configure:5471: checking for /usr/bin/ld option to reload object files
configure:5478: result: -r
configure:5552: checking for objdump
configure:5568: found /usr/bin/objdump
configure:5579: result: objdump
configure:5611: checking how to recognize dependent libraries
configure:5811: result: pass_all
configure:5896: checking for dlltool
configure:5926: result: no
configure:5956: checking how to associate runtime and link libraries
configure:5983: result: printf %s\n
configure:6044: checking for ar
configure:6060: found /usr/bin/ar
configure:6071: result: ar
configure:6108: checking for archiver @FILE support
configure:6125: gcc -c -g -O2  conftest.c >&5
configure:6125: $? = 0
configure:6128: ar cru libconftest.a @conftest.lst >&5
configure:6131: $? = 0
configure:6136: ar cru libconftest.a @conftest.lst >&5
ar: conftest.o: No such file or directory
configure:6139: $? = 1
configure:6151: result: @
configure:6209: checking for strip
configure:6225: found /usr/bin/strip
configure:6236: result: strip
configure:6308: checking for ranlib
configure:6324: found /usr/bin/ranlib
configure:6335: result: ranlib
configure:6437: checking command to parse /usr/bin/nm -B output from gcc object
configure:6590: gcc -c -g -O2  conftest.c >&5
configure:6593: $? = 0
configure:6597: /usr/bin/nm -B conftest.o \| sed -n -e 's/^.*[ ]\([ABCDGIRSTW][ABCDGIRSTW]*\)[ ][ ]*\([_A-Za-z][_A-Za-z0-9]*\)$/\1 \2 \2/p' | sed '/ __gnu_lto/d' \> conftest.nm
configure:6600: $? = 0
configure:6666: gcc -o conftest -g -O2   conftest.c conftstm.o >&5
configure:6669: $? = 0
configure:6707: result: ok
configure:6754: checking for sysroot
configure:6784: result: no
configure:6791: checking for a working dd
configure:6829: result: /usr/bin/dd
configure:6833: checking how to truncate binary pipes
configure:6848: result: /usr/bin/dd bs=4096 count=1
configure:6984: gcc -c -g -O2  conftest.c >&5
configure:6987: $? = 0
configure:7177: checking for mt
configure:7207: result: no
configure:7227: checking if : is a manifest tool
configure:7233: : '-?'
configure:7241: result: no
configure:7918: checking how to run the C preprocessor
configure:7949: gcc -E  conftest.c
configure:7949: $? = 0
configure:7963: gcc -E  conftest.c
conftest.c:11:10: fatal error: ac_nonexistent.h: No such file or directory
 #include <ac_nonexistent.h>
          ^~~~~~~~~~~~~~~~~~
compilation terminated.
configure:7963: $? = 1
configure: failed program was:
| /* confdefs.h */
| #define PACKAGE_NAME "."
| #define PACKAGE_TARNAME "-"
| #define PACKAGE_VERSION "1"
| #define PACKAGE_STRING ". 1"
| #define PACKAGE_BUGREPORT ""
| #define PACKAGE_URL ""
| #define PACKAGE "openSMILE"
| #define VERSION "0.0.0"
| /* end confdefs.h.  */
| #include <ac_nonexistent.h>
configure:7988: result: gcc -E
configure:8008: gcc -E  conftest.c
configure:8008: $? = 0
configure:8022: gcc -E  conftest.c
conftest.c:11:10: fatal error: ac_nonexistent.h: No such file or directory
 #include <ac_nonexistent.h>
          ^~~~~~~~~~~~~~~~~~
compilation terminated.
configure:8022: $? = 1
configure: failed program was:
| /* confdefs.h */
| #define PACKAGE_NAME "."
| #define PACKAGE_TARNAME "-"
| #define PACKAGE_VERSION "1"
| #define PACKAGE_STRING ". 1"
| #define PACKAGE_BUGREPORT ""
| #define PACKAGE_URL ""
| #define PACKAGE "openSMILE"
| #define VERSION "0.0.0"
| /* end confdefs.h.  */
| #include <ac_nonexistent.h>
configure:8051: checking for ANSI C header files
configure:8071: gcc -c -g -O2  conftest.c >&5
configure:8071: $? = 0
configure:8144: gcc -o conftest -g -O2   conftest.c  >&5
configure:8144: $? = 0
configure:8144: ./conftest
configure:8144: $? = 0
configure:8155: result: yes
configure:8168: checking for sys/types.h
configure:8168: gcc -c -g -O2  conftest.c >&5
configure:8168: $? = 0
configure:8168: result: yes
configure:8168: checking for sys/stat.h
configure:8168: gcc -c -g -O2  conftest.c >&5
configure:8168: $? = 0
configure:8168: result: yes
configure:8168: checking for stdlib.h
configure:8168: gcc -c -g -O2  conftest.c >&5
configure:8168: $? = 0
configure:8168: result: yes
configure:8168: checking for string.h
configure:8168: gcc -c -g -O2  conftest.c >&5
configure:8168: $? = 0
configure:8168: result: yes
configure:8168: checking for memory.h
configure:8168: gcc -c -g -O2  conftest.c >&5
configure:8168: $? = 0
configure:8168: result: yes
configure:8168: checking for strings.h
configure:8168: gcc -c -g -O2  conftest.c >&5
configure:8168: $? = 0
configure:8168: result: yes
configure:8168: checking for inttypes.h
configure:8168: gcc -c -g -O2  conftest.c >&5
configure:8168: $? = 0
configure:8168: result: yes
configure:8168: checking for stdint.h
configure:8168: gcc -c -g -O2  conftest.c >&5
configure:8168: $? = 0
configure:8168: result: yes
configure:8168: checking for unistd.h
configure:8168: gcc -c -g -O2  conftest.c >&5
configure:8168: $? = 0
configure:8168: result: yes
configure:8182: checking for dlfcn.h
configure:8182: gcc -c -g -O2  conftest.c >&5
configure:8182: $? = 0
configure:8182: result: yes
configure:8449: checking for objdir
configure:8464: result: .libs
configure:8728: checking if gcc supports -fno-rtti -fno-exceptions
configure:8746: gcc -c -g -O2  -fno-rtti -fno-exceptions conftest.c >&5
cc1: warning: command line option '-fno-rtti' is valid for C++/ObjC++ but not for C
configure:8750: $? = 0
configure:8763: result: no
configure:9121: checking for gcc option to produce PIC
configure:9128: result: -fPIC -DPIC
configure:9136: checking if gcc PIC flag -fPIC -DPIC works
configure:9154: gcc -c -g -O2  -fPIC -DPIC -DPIC conftest.c >&5
configure:9158: $? = 0
configure:9171: result: yes
configure:9200: checking if gcc static flag -static works
configure:9228: result: no
configure:9243: checking if gcc supports -c -o file.o
configure:9264: gcc -c -g -O2  -o out/conftest2.o conftest.c >&5
configure:9268: $? = 0
configure:9290: result: yes
configure:9298: checking if gcc supports -c -o file.o
configure:9345: result: yes
configure:9378: checking whether the gcc linker (/usr/bin/ld -m elf_x86_64) supports shared libraries
configure:10637: result: yes
configure:10674: checking whether -lc should be explicitly linked in
configure:10682: gcc -c -g -O2  conftest.c >&5
configure:10685: $? = 0
configure:10700: gcc -shared  -fPIC -DPIC conftest.o  -v -Wl,-soname -Wl,conftest -o conftest 2\>\&1 \| /usr/bin/grep  -lc  \>/dev/null 2\>\&1
configure:10703: $? = 0
configure:10717: result: no
configure:10877: checking dynamic linker characteristics
configure:11458: gcc -o conftest -g -O2   -Wl,-rpath -Wl,/foo conftest.c  >&5
configure:11458: $? = 0
configure:11698: result: GNU/Linux ld.so
configure:11820: checking how to hardcode library paths into programs
configure:11845: result: immediate
configure:12393: checking whether stripping libraries is possible
configure:12398: result: yes
configure:12433: checking if libtool supports shared libraries
configure:12435: result: yes
configure:12438: checking whether to build shared libraries
configure:12463: result: yes
configure:12466: checking whether to build static libraries
configure:12470: result: yes
configure:12493: checking how to run the C++ preprocessor
configure:12520: g++ -E  conftest.cpp
configure:12520: $? = 0
configure:12534: g++ -E  conftest.cpp
conftest.cpp:23:10: fatal error: ac_nonexistent.h: No such file or directory
 #include <ac_nonexistent.h>
          ^~~~~~~~~~~~~~~~~~
compilation terminated.
configure:12534: $? = 1
configure: failed program was:
| /* confdefs.h */
| #define PACKAGE_NAME "."
| #define PACKAGE_TARNAME "-"
| #define PACKAGE_VERSION "1"
| #define PACKAGE_STRING ". 1"
| #define PACKAGE_BUGREPORT ""
| #define PACKAGE_URL ""
| #define PACKAGE "openSMILE"
| #define VERSION "0.0.0"
| #define STDC_HEADERS 1
| #define HAVE_SYS_TYPES_H 1
| #define HAVE_SYS_STAT_H 1
| #define HAVE_STDLIB_H 1
| #define HAVE_STRING_H 1
| #define HAVE_MEMORY_H 1
| #define HAVE_STRINGS_H 1
| #define HAVE_INTTYPES_H 1
| #define HAVE_STDINT_H 1
| #define HAVE_UNISTD_H 1
| #define HAVE_DLFCN_H 1
| #define LT_OBJDIR ".libs/"
| /* end confdefs.h.  */
| #include <ac_nonexistent.h>
configure:12559: result: g++ -E
configure:12579: g++ -E  conftest.cpp
configure:12579: $? = 0
configure:12593: g++ -E  conftest.cpp
conftest.cpp:23:10: fatal error: ac_nonexistent.h: No such file or directory
 #include <ac_nonexistent.h>
          ^~~~~~~~~~~~~~~~~~
compilation terminated.
configure:12593: $? = 1
configure: failed program was:
| /* confdefs.h */
| #define PACKAGE_NAME "."
| #define PACKAGE_TARNAME "-"
| #define PACKAGE_VERSION "1"
| #define PACKAGE_STRING ". 1"
| #define PACKAGE_BUGREPORT ""
| #define PACKAGE_URL ""
| #define PACKAGE "openSMILE"
| #define VERSION "0.0.0"
| #define STDC_HEADERS 1
| #define HAVE_SYS_TYPES_H 1
| #define HAVE_SYS_STAT_H 1
| #define HAVE_STDLIB_H 1
| #define HAVE_STRING_H 1
| #define HAVE_MEMORY_H 1
| #define HAVE_STRINGS_H 1
| #define HAVE_INTTYPES_H 1
| #define HAVE_STDINT_H 1
| #define HAVE_UNISTD_H 1
| #define HAVE_DLFCN_H 1
| #define LT_OBJDIR ".libs/"
| /* end confdefs.h.  */
| #include <ac_nonexistent.h>
configure:12755: checking for ld used by g++
configure:12822: result: /usr/bin/ld -m elf_x86_64
configure:12829: checking if the linker (/usr/bin/ld -m elf_x86_64) is GNU ld
configure:12844: result: yes
configure:12899: checking whether the g++ linker (/usr/bin/ld -m elf_x86_64) supports shared libraries
configure:13972: result: yes
configure:14008: g++ -c -g -O2  conftest.cpp >&5
configure:14011: $? = 0
configure:14492: checking for g++ option to produce PIC
configure:14499: result: -fPIC -DPIC
configure:14507: checking if g++ PIC flag -fPIC -DPIC works
configure:14525: g++ -c -g -O2  -fPIC -DPIC -DPIC conftest.cpp >&5
configure:14529: $? = 0
configure:14542: result: yes
configure:14565: checking if g++ static flag -static works
configure:14593: result: no
configure:14605: checking if g++ supports -c -o file.o
configure:14626: g++ -c -g -O2  -o out/conftest2.o conftest.cpp >&5
configure:14630: $? = 0
configure:14652: result: yes
configure:14657: checking if g++ supports -c -o file.o
configure:14704: result: yes
configure:14734: checking whether the g++ linker (/usr/bin/ld -m elf_x86_64) supports shared libraries
configure:14774: result: yes
configure:14915: checking dynamic linker characteristics
configure:15663: result: GNU/Linux ld.so
configure:15728: checking how to hardcode library paths into programs
configure:15753: result: immediate
configure:15849: checking for libsemaineapi
configure:15870: result: no
configure:15872: WARNING: LibSemaineAPI not found!! Configuring only standalone feature extractor
configure:15960: checking for Pa_Initialize in -lportaudio
configure:15985: gcc -o conftest -g -O2  -Iportaudio//include -Lportaudio//lib  conftest.c -lportaudio   >&5
configure:15985: $? = 0
configure:15994: result: yes
configure:15997: checking portaudio.h usability
configure:15997: gcc -c -g -O2  -Iportaudio//include conftest.c >&5
configure:15997: $? = 0
configure:15997: result: yes
configure:15997: checking portaudio.h presence
configure:15997: gcc -E  -Iportaudio//include conftest.c
configure:15997: $? = 0
configure:15997: result: yes
configure:15997: checking for portaudio.h
configure:15997: result: yes
configure:16005: checking for Pa_GetHostApiCount in -lportaudio
configure:16030: gcc -o conftest -g -O2  -Iportaudio//include -Lportaudio//lib  conftest.c -lportaudio   >&5
configure:16030: $? = 0
configure:16039: result: yes
configure:16253: checking for the pthreads library -lpthreads
configure:16286: gcc -o conftest -g -O2    conftest.c -lpthreads  >&5
/usr/bin/ld: cannot find -lpthreads
collect2: error: ld returned 1 exit status
configure:16286: $? = 1
configure: failed program was:
| /* confdefs.h */
| #define PACKAGE_NAME "."
| #define PACKAGE_TARNAME "-"
| #define PACKAGE_VERSION "1"
| #define PACKAGE_STRING ". 1"
| #define PACKAGE_BUGREPORT ""
| #define PACKAGE_URL ""
| #define PACKAGE "openSMILE"
| #define VERSION "0.0.0"
| #define STDC_HEADERS 1
| #define HAVE_SYS_TYPES_H 1
| #define HAVE_SYS_STAT_H 1
| #define HAVE_STDLIB_H 1
| #define HAVE_STRING_H 1
| #define HAVE_MEMORY_H 1
| #define HAVE_STRINGS_H 1
| #define HAVE_INTTYPES_H 1
| #define HAVE_STDINT_H 1
| #define HAVE_UNISTD_H 1
| #define HAVE_DLFCN_H 1
| #define LT_OBJDIR ".libs/"
| #define HAVE_PORTAUDIO 1
| #define HAVE_PORTAUDIO_V19 1
| /* end confdefs.h.  */
| #include <pthread.h>
| int
| main ()
| {
| pthread_t th; pthread_join(th, 0);
|                      pthread_attr_init(0); pthread_cleanup_push(0, 0);
|                      pthread_create(0,0,0,0); pthread_cleanup_pop(0);
|   ;
|   return 0;
| }
configure:16295: result: no
configure:16198: checking whether pthreads work without any flags
configure:16286: gcc -o conftest -g -O2    conftest.c   >&5
/tmp/ccFVzPah.o: In function `main':
/home/msdostoevsky/Documents/projects/GitHub/EmotionTagging/openEAR-0.1.0/conftest.c:29: undefined reference to `pthread_join'
/home/msdostoevsky/Documents/projects/GitHub/EmotionTagging/openEAR-0.1.0/conftest.c:30: undefined reference to `__pthread_register_cancel'
/home/msdostoevsky/Documents/projects/GitHub/EmotionTagging/openEAR-0.1.0/conftest.c:31: undefined reference to `pthread_create'
/home/msdostoevsky/Documents/projects/GitHub/EmotionTagging/openEAR-0.1.0/conftest.c:31: undefined reference to `__pthread_unregister_cancel'
collect2: error: ld returned 1 exit status
configure:16286: $? = 1
configure: failed program was:
| /* confdefs.h */
| #define PACKAGE_NAME "."
| #define PACKAGE_TARNAME "-"
| #define PACKAGE_VERSION "1"
| #define PACKAGE_STRING ". 1"
| #define PACKAGE_BUGREPORT ""
| #define PACKAGE_URL ""
| #define PACKAGE "openSMILE"
| #define VERSION "0.0.0"
| #define STDC_HEADERS 1
| #define HAVE_SYS_TYPES_H 1
| #define HAVE_SYS_STAT_H 1
| #define HAVE_STDLIB_H 1
| #define HAVE_STRING_H 1
| #define HAVE_MEMORY_H 1
| #define HAVE_STRINGS_H 1
| #define HAVE_INTTYPES_H 1
| #define HAVE_STDINT_H 1
| #define HAVE_UNISTD_H 1
| #define HAVE_DLFCN_H 1
| #define LT_OBJDIR ".libs/"
| #define HAVE_PORTAUDIO 1
| #define HAVE_PORTAUDIO_V19 1
| /* end confdefs.h.  */
| #include <pthread.h>
| int
| main ()
| {
| pthread_t th; pthread_join(th, 0);
|                      pthread_attr_init(0); pthread_cleanup_push(0, 0);
|                      pthread_create(0,0,0,0); pthread_cleanup_pop(0);
|   ;
|   return 0;
| }
configure:16295: result: no
configure:16203: checking whether pthreads work with -Kthread
configure:16286: gcc -o conftest -g -O2 -Kthread   conftest.c   >&5
gcc: error: unrecognized command line option '-Kthread'; did you mean '-pthread'?
configure:16286: $? = 1
configure: failed program was:
| /* confdefs.h */
| #define PACKAGE_NAME "."
| #define PACKAGE_TARNAME "-"
| #define PACKAGE_VERSION "1"
| #define PACKAGE_STRING ". 1"
| #define PACKAGE_BUGREPORT ""
| #define PACKAGE_URL ""
| #define PACKAGE "openSMILE"
| #define VERSION "0.0.0"
| #define STDC_HEADERS 1
| #define HAVE_SYS_TYPES_H 1
| #define HAVE_SYS_STAT_H 1
| #define HAVE_STDLIB_H 1
| #define HAVE_STRING_H 1
| #define HAVE_MEMORY_H 1
| #define HAVE_STRINGS_H 1
| #define HAVE_INTTYPES_H 1
| #define HAVE_STDINT_H 1
| #define HAVE_UNISTD_H 1
| #define HAVE_DLFCN_H 1
| #define LT_OBJDIR ".libs/"
| #define HAVE_PORTAUDIO 1
| #define HAVE_PORTAUDIO_V19 1
| /* end confdefs.h.  */
| #include <pthread.h>
| int
| main ()
| {
| pthread_t th; pthread_join(th, 0);
|                      pthread_attr_init(0); pthread_cleanup_push(0, 0);
|                      pthread_create(0,0,0,0); pthread_cleanup_pop(0);
|   ;
|   return 0;
| }
configure:16295: result: no
configure:16203: checking whether pthreads work with -kthread
configure:16286: gcc -o conftest -g -O2 -kthread   conftest.c   >&5
gcc: error: unrecognized command line option '-kthread'; did you mean '-pthread'?
configure:16286: $? = 1
configure: failed program was:
| /* confdefs.h */
| #define PACKAGE_NAME "."
| #define PACKAGE_TARNAME "-"
| #define PACKAGE_VERSION "1"
| #define PACKAGE_STRING ". 1"
| #define PACKAGE_BUGREPORT ""
| #define PACKAGE_URL ""
| #define PACKAGE "openSMILE"
| #define VERSION "0.0.0"
| #define STDC_HEADERS 1
| #define HAVE_SYS_TYPES_H 1
| #define HAVE_SYS_STAT_H 1
| #define HAVE_STDLIB_H 1
| #define HAVE_STRING_H 1
| #define HAVE_MEMORY_H 1
| #define HAVE_STRINGS_H 1
| #define HAVE_INTTYPES_H 1
| #define HAVE_STDINT_H 1
| #define HAVE_UNISTD_H 1
| #define HAVE_DLFCN_H 1
| #define LT_OBJDIR ".libs/"
| #define HAVE_PORTAUDIO 1
| #define HAVE_PORTAUDIO_V19 1
| /* end confdefs.h.  */
| #include <pthread.h>
| int
| main ()
| {
| pthread_t th; pthread_join(th, 0);
|                      pthread_attr_init(0); pthread_cleanup_push(0, 0);
|                      pthread_create(0,0,0,0); pthread_cleanup_pop(0);
|   ;
|   return 0;
| }
configure:16295: result: no
configure:16253: checking for the pthreads library -llthread
configure:16286: gcc -o conftest -g -O2    conftest.c -llthread  >&5
/usr/bin/ld: cannot find -llthread
collect2: error: ld returned 1 exit status
configure:16286: $? = 1
configure: failed program was:
| /* confdefs.h */
| #define PACKAGE_NAME "."
| #define PACKAGE_TARNAME "-"
| #define PACKAGE_VERSION "1"
| #define PACKAGE_STRING ". 1"
| #define PACKAGE_BUGREPORT ""
| #define PACKAGE_URL ""
| #define PACKAGE "openSMILE"
| #define VERSION "0.0.0"
| #define STDC_HEADERS 1
| #define HAVE_SYS_TYPES_H 1
| #define HAVE_SYS_STAT_H 1
| #define HAVE_STDLIB_H 1
| #define HAVE_STRING_H 1
| #define HAVE_MEMORY_H 1
| #define HAVE_STRINGS_H 1
| #define HAVE_INTTYPES_H 1
| #define HAVE_STDINT_H 1
| #define HAVE_UNISTD_H 1
| #define HAVE_DLFCN_H 1
| #define LT_OBJDIR ".libs/"
| #define HAVE_PORTAUDIO 1
| #define HAVE_PORTAUDIO_V19 1
| /* end confdefs.h.  */
| #include <pthread.h>
| int
| main ()
| {
| pthread_t th; pthread_join(th, 0);
|                      pthread_attr_init(0); pthread_cleanup_push(0, 0);
|                      pthread_create(0,0,0,0); pthread_cleanup_pop(0);
|   ;
|   return 0;
| }
configure:16295: result: no
configure:16253: checking for the pthreads library -lpthread
configure:16286: gcc -o conftest -g -O2    conftest.c -lpthread  >&5
configure:16286: $? = 0
configure:16295: result: yes
configure:16314: checking for joinable pthread attribute
configure:16329: gcc -o conftest -g -O2    conftest.c -lpthread  >&5
configure:16329: $? = 0
configure:16335: result: PTHREAD_CREATE_JOINABLE
configure:16345: checking if more special flags are required for pthreads
configure:16352: result: no
configure:16512: WARNING: Disabling target SEMAINExtract beacuse libsemaineapi was not found or is not useable
configure:16741: checking that generated files are newer than configure
configure:16747: result: done
configure:16798: creating ./config.status

## ---------------------- ##
## Running config.status. ##
## ---------------------- ##

This file was extended by . config.status 1, which was
generated by GNU Autoconf 2.69.  Invocation command line was

  CONFIG_FILES    = 
  CONFIG_HEADERS  = 
  CONFIG_LINKS    = 
  CONFIG_COMMANDS = 
  $ ./config.status 

on localhost.localdomain

config.status:1177: creating Makefile
config.status:1177: creating config.h
config.status:1406: executing depfiles commands
config.status:1406: executing libtool commands

## ---------------- ##
## Cache variables. ##
## ---------------- ##

ac_cv_build=x86_64-pc-linux-gnu
ac_cv_c_compiler_gnu=yes
ac_cv_cxx_compiler_gnu=yes
ac_cv_env_CCC_set=
ac_cv_env_CCC_value=
ac_cv_env_CC_set=
ac_cv_env_CC_value=
ac_cv_env_CFLAGS_set=
ac_cv_env_CFLAGS_value=
ac_cv_env_CPPFLAGS_set=
ac_cv_env_CPPFLAGS_value=
ac_cv_env_CPP_set=
ac_cv_env_CPP_value=
ac_cv_env_CXXCPP_set=
ac_cv_env_CXXCPP_value=
ac_cv_env_CXXFLAGS_set=
ac_cv_env_CXXFLAGS_value=
ac_cv_env_CXX_set=
ac_cv_env_CXX_value=
ac_cv_env_LDFLAGS_set=
ac_cv_env_LDFLAGS_value=
ac_cv_env_LIBS_set=
ac_cv_env_LIBS_value=
ac_cv_env_LT_SYS_LIBRARY_PATH_set=
ac_cv_env_LT_SYS_LIBRARY_PATH_value=
ac_cv_env_build_alias_set=
ac_cv_env_build_alias_value=
ac_cv_env_host_alias_set=
ac_cv_env_host_alias_value=
ac_cv_env_target_alias_set=
ac_cv_env_target_alias_value=
ac_cv_header_dlfcn_h=yes
ac_cv_header_inttypes_h=yes
ac_cv_header_memory_h=yes
ac_cv_header_portaudio_h=yes
ac_cv_header_stdc=yes
ac_cv_header_stdint_h=yes
ac_cv_header_stdlib_h=yes
ac_cv_header_string_h=yes
ac_cv_header_strings_h=yes
ac_cv_header_sys_stat_h=yes
ac_cv_header_sys_types_h=yes
ac_cv_header_unistd_h=yes
ac_cv_host=x86_64-pc-linux-gnu
ac_cv_lib_portaudio_Pa_GetHostApiCount=yes
ac_cv_lib_portaudio_Pa_Initialize=yes
ac_cv_objext=o
ac_cv_path_EGREP='/usr/bin/grep -E'
ac_cv_path_FGREP='/usr/bin/grep -F'
ac_cv_path_GREP=/usr/bin/grep
ac_cv_path_SED=/usr/bin/sed
ac_cv_path_install='/usr/bin/install -c'
ac_cv_path_lt_DD=/usr/bin/dd
ac_cv_path_mkdir=/usr/bin/mkdir
ac_cv_prog_AWK=gawk
ac_cv_prog_CPP='gcc -E'
ac_cv_prog_CXXCPP='g++ -E'
ac_cv_prog_ac_ct_AR=ar
ac_cv_prog_ac_ct_CC=gcc
ac_cv_prog_ac_ct_CXX=g++
ac_cv_prog_ac_ct_OBJDUMP=objdump
ac_cv_prog_ac_ct_RANLIB=ranlib
ac_cv_prog_ac_ct_STRIP=strip
ac_cv_prog_cc_c89=
ac_cv_prog_cc_g=yes
ac_cv_prog_cxx_g=yes
ac_cv_prog_make_make_set=yes
am_cv_CC_dependencies_compiler_type=gcc3
am_cv_CXX_dependencies_compiler_type=gcc3
am_cv_make_support_nested_variables=yes
am_cv_prog_cc_c_o=yes
lt_cv_ar_at_file=@
lt_cv_archive_cmds_need_lc=no
lt_cv_deplibs_check_method=pass_all
lt_cv_file_magic_cmd='$MAGIC_CMD'
lt_cv_file_magic_test_file=
lt_cv_ld_reload_flag=-r
lt_cv_nm_interface='BSD nm'
lt_cv_objdir=.libs
lt_cv_path_LD=/usr/bin/ld
lt_cv_path_LDCXX='/usr/bin/ld -m elf_x86_64'
lt_cv_path_NM='/usr/bin/nm -B'
lt_cv_path_mainfest_tool=no
lt_cv_prog_compiler_c_o=yes
lt_cv_prog_compiler_c_o_CXX=yes
lt_cv_prog_compiler_pic='-fPIC -DPIC'
lt_cv_prog_compiler_pic_CXX='-fPIC -DPIC'
lt_cv_prog_compiler_pic_works=yes
lt_cv_prog_compiler_pic_works_CXX=yes
lt_cv_prog_compiler_rtti_exceptions=no
lt_cv_prog_compiler_static_works=no
lt_cv_prog_compiler_static_works_CXX=no
lt_cv_prog_gnu_ld=yes
lt_cv_prog_gnu_ldcxx=yes
lt_cv_sharedlib_from_linklib_cmd='printf %s\n'
lt_cv_shlibpath_overrides_runpath=no
lt_cv_sys_global_symbol_pipe='sed -n -e '\''s/^.*[	 ]\([ABCDGIRSTW][ABCDGIRSTW]*\)[	 ][	 ]*\([_A-Za-z][_A-Za-z0-9]*\)$/\1 \2 \2/p'\'' | sed '\''/ __gnu_lto/d'\'''
lt_cv_sys_global_symbol_to_c_name_address='sed -n -e '\''s/^: \(.*\) .*$/  {"\1", (void *) 0},/p'\'' -e '\''s/^[ABCDGIRSTW][ABCDGIRSTW]* .* \(.*\)$/  {"\1", (void *) \&\1},/p'\'''
lt_cv_sys_global_symbol_to_c_name_address_lib_prefix='sed -n -e '\''s/^: \(.*\) .*$/  {"\1", (void *) 0},/p'\'' -e '\''s/^[ABCDGIRSTW][ABCDGIRSTW]* .* \(lib.*\)$/  {"\1", (void *) \&\1},/p'\'' -e '\''s/^[ABCDGIRSTW][ABCDGIRSTW]* .* \(.*\)$/  {"lib\1", (void *) \&\1},/p'\'''
lt_cv_sys_global_symbol_to_cdecl='sed -n -e '\''s/^T .* \(.*\)$/extern int \1();/p'\'' -e '\''s/^[ABCDGIRSTW][ABCDGIRSTW]* .* \(.*\)$/extern char \1;/p'\'''
lt_cv_sys_global_symbol_to_import=
lt_cv_sys_max_cmd_len=1572864
lt_cv_to_host_file_cmd=func_convert_file_noop
lt_cv_to_tool_file_cmd=func_convert_file_noop
lt_cv_truncate_bin='/usr/bin/dd bs=4096 count=1'

## ----------------- ##
## Output variables. ##
## ----------------- ##

ACLOCAL='${SHELL} /home/msdostoevsky/Documents/projects/GitHub/EmotionTagging/openEAR-0.1.0/missing aclocal-1.15'
AMDEPBACKSLASH='\'
AMDEP_FALSE='#'
AMDEP_TRUE=''
AMTAR='$${TAR-tar}'
AM_BACKSLASH='\'
AM_DEFAULT_V='$(AM_DEFAULT_VERBOSITY)'
AM_DEFAULT_VERBOSITY='1'
AM_V='$(V)'
AR='ar'
AUTOCONF='${SHELL} /home/msdostoevsky/Documents/projects/GitHub/EmotionTagging/openEAR-0.1.0/missing autoconf'
AUTOHEADER='${SHELL} /home/msdostoevsky/Documents/projects/GitHub/EmotionTagging/openEAR-0.1.0/missing autoheader'
AUTOMAKE='${SHELL} /home/msdostoevsky/Documents/projects/GitHub/EmotionTagging/openEAR-0.1.0/missing automake-1.15'
AWK='gawk'
BUILD_SEMAINExtract_FALSE=''
BUILD_SEMAINExtract_TRUE='#'
BUILD_SMILErec_FALSE=''
BUILD_SMILErec_TRUE='#'
BUILD_SMILEsync_FALSE=''
BUILD_SMILEsync_TRUE='#'
BUILD_SMILExtract_FALSE='#'
BUILD_SMILExtract_TRUE=''
BUILD_audiorecorder_FALSE=''
BUILD_audiorecorder_TRUE='#'
BUILD_audiosplit_FALSE=''
BUILD_audiosplit_TRUE='#'
CC='gcc'
CCDEPMODE='depmode=gcc3'
CFLAGS='-g -O2'
CPP='gcc -E'
CPPFLAGS=''
CXX='g++'
CXXCPP='g++ -E'
CXXDEPMODE='depmode=gcc3'
CXXFLAGS='-g -O2'
CYGPATH_W='echo'
DEFS='-DHAVE_CONFIG_H'
DEPDIR='.deps'
DLIB='-ldl'
DLLTOOL='false'
DSYMUTIL=''
DUMPBIN=''
ECHO_C=''
ECHO_N='-n'
ECHO_T=''
EGREP='/usr/bin/grep -E'
EXEEXT=''
FGREP='/usr/bin/grep -F'
GREP='/usr/bin/grep'
INSTALL_DATA='${INSTALL} -m 644'
INSTALL_PROGRAM='${INSTALL}'
INSTALL_SCRIPT='${INSTALL}'
INSTALL_STRIP_PROGRAM='$(install_sh) -c -s'
LD='/usr/bin/ld -m elf_x86_64'
LDFLAGS=''
LIBOBJS=''
LIBS=''
LIBTOOL='$(SHELL) $(top_builddir)/libtool'
LIPO=''
LN_S='ln -s'
LTLIBOBJS=''
LT_SYS_LIBRARY_PATH=''
MAKEINFO='${SHELL} /home/msdostoevsky/Documents/projects/GitHub/EmotionTagging/openEAR-0.1.0/missing makeinfo'
MANIFEST_TOOL=':'
MKDIR_P='/usr/bin/mkdir -p'
NM='/usr/bin/nm -B'
NMEDIT=''
OBJDUMP='objdump'
OBJEXT='o'
OTOOL64=''
OTOOL=''
PACKAGE='openSMILE'
PACKAGE_BUGREPORT=''
PACKAGE_NAME='.'
PACKAGE_STRING='. 1'
PACKAGE_TARNAME='-'
PACKAGE_URL=''
PACKAGE_VERSION='1'
PATH_SEPARATOR=':'
PORTAUDIO_CPPFLAGS='-Iportaudio//include'
PORTAUDIO_LDFLAGS='-L/usr/local/lib -lportaudio -lm -lpthread '
PORTAUDIO_ROOT='portaudio/'
PTHREAD_CC='gcc'
PTHREAD_CFLAGS=''
PTHREAD_LIBS='-lpthread'
RANLIB='ranlib'
RTNNLLIB_CFLAGS=''
RTNNLLIB_LIBS=''
RTNNLLIB_PREFIX=''
SED='/usr/bin/sed'
SEMAINEAPI_CPPFLAGS=''
SEMAINEAPI_LDFLAGS=''
SEMAINEAPI_ROOT='/home/msdostoevsky/Documents/projects/GitHub'
SET_MAKE=''
SHELL='/bin/sh'
STRIP='strip'
VERSION='0.0.0'
ac_ct_AR='ar'
ac_ct_CC='gcc'
ac_ct_CXX='g++'
ac_ct_DUMPBIN=''
acx_pthread_config=''
am__EXEEXT_FALSE=''
am__EXEEXT_TRUE='#'
am__fastdepCC_FALSE='#'
am__fastdepCC_TRUE=''
am__fastdepCXX_FALSE='#'
am__fastdepCXX_TRUE=''
am__include='include'
am__isrc=''
am__leading_dot='.'
am__nodep='_no'
am__quote=''
am__tar='$${TAR-tar} chof - "$$tardir"'
am__untar='$${TAR-tar} xf -'
bindir='${exec_prefix}/bin'
build='x86_64-pc-linux-gnu'
build_alias=''
build_cpu='x86_64'
build_os='linux-gnu'
build_vendor='pc'
datadir='${datarootdir}'
datarootdir='${prefix}/share'
docdir='${datarootdir}/doc/${PACKAGE_TARNAME}'
dvidir='${docdir}'
exec_prefix='${prefix}'
host='x86_64-pc-linux-gnu'
host_alias=''
host_cpu='x86_64'
host_os='linux-gnu'
host_vendor='pc'
htmldir='${docdir}'
includedir='${prefix}/include'
infodir='${datarootdir}/info'
install_sh='${SHELL} /home/msdostoevsky/Documents/projects/GitHub/EmotionTagging/openEAR-0.1.0/install-sh'
libdir='${exec_prefix}/lib'
libexecdir='${exec_prefix}/libexec'
localedir='${datarootdir}/locale'
localstatedir='${prefix}/var'
mandir='${datarootdir}/man'
mkdir_p='$(MKDIR_P)'
oldincludedir='/usr/include'
pdfdir='${docdir}'
prefix='/usr/local'
program_transform_name='s,x,x,'
psdir='${docdir}'
sbindir='${exec_prefix}/sbin'
sharedstatedir='${prefix}/com'
sysconfdir='${prefix}/etc'
target_alias=''

## ----------- ##
## confdefs.h. ##
## ----------- ##

/* confdefs.h */
#define PACKAGE_NAME "."
#define PACKAGE_TARNAME "-"
#define PACKAGE_VERSION "1"
#define PACKAGE_STRING ". 1"
#define PACKAGE_BUGREPORT ""
#define PACKAGE_URL ""
#define PACKAGE "openSMILE"
#define VERSION "0.0.0"
#define STDC_HEADERS 1
#define HAVE_SYS_TYPES_H 1
#define HAVE_SYS_STAT_H 1
#define HAVE_STDLIB_H 1
#define HAVE_STRING_H 1
#define HAVE_MEMORY_H 1
#define HAVE_STRINGS_H 1
#define HAVE_INTTYPES_H 1
#define HAVE_STDINT_H 1
#define HAVE_UNISTD_H 1
#define HAVE_DLFCN_H 1
#define LT_OBJDIR ".libs/"
#define HAVE_PORTAUDIO 1
#define HAVE_PORTAUDIO_V19 1
#define HAVE_PTHREAD 1
#define WITH_LIVEREC 1
#define HAVE_AUTOCONF 1

configure: exit 0

## ---------------------- ##
## Running config.status. ##
## ---------------------- ##

This file was extended by . config.status 1, which was
generated by GNU Autoconf 2.69.  Invocation command line was

  CONFIG_FILES    = 
  CONFIG_HEADERS  = 
  CONFIG_LINKS    = 
  CONFIG_COMMANDS = 
  $ ./config.status config.h

on localhost.localdomain

config.status:1177: creating config.h
config.status:1358: config.h is unchanged
