[ 14.05.2018 - 21:25:17 ]
    (MSG) [2] in SMILExtract : openSMILE starting!
[ 14.05.2018 - 21:25:17 ]
    (MSG) [2] in SMILExtract : config file is: config/emobase_live4.conf
[ 14.05.2018 - 21:25:17 ]
    (MSG) [2] in cComponentManager : successfully registered 73 component types.
[ 14.05.2018 - 21:25:17 ]
    (MSG) [2] in configManager : reading config file 'config/emobase_live4.conf'
[ 14.05.2018 - 21:25:17 ]
    (ERROR) [1] in cPortaudioSource : NO PortAudio devices found! Cannot record live audio!
[ 14.05.2018 - 21:25:17 ]
    (MSG) [2] in cLibsvmLiveSink : loading LibSVM model for instance 'arousal' ...
[ 14.05.2018 - 21:25:18 ]
    (MSG) [2] in cLibsvmLiveSink : loading LibSVM model for instance 'valence' ...
[ 14.05.2018 - 21:25:19 ]
    (MSG) [2] in cLibsvmLiveSink : loading LibSVM model for instance 'emodbEmotion' ...
[ 14.05.2018 - 21:25:19 ]
    (MSG) [2] in cLibsvmLiveSink : loading LibSVM model for instance 'abcAffect' ...
[ 14.05.2018 - 21:25:19 ]
    (MSG) [2] in cLibsvmLiveSink : loading LibSVM model for instance 'avicInterest' ...
[ 14.05.2018 - 21:25:20 ]
    (MSG) [2] in cComponentManager : successfully finished createInstances
                                 (31 component instances were finalised, 1 data memories were finalised)
[ 14.05.2018 - 21:25:20 ]
    (MSG) [2] in cComponentManager : starting single thread processing loop
[ 14.05.2018 - 21:25:20 ]
    (MSG) [2] in cPortaudioSource : recording from portAudio device with index -1
[ 14.05.2018 - 21:25:20 ]
    (ERROR) [1] in cPortaudioSource : error opening portaudio recording stream (code -9996) 
  check samplerate(-> 16000 , maybe it is not supported?) 
  maybe incorrect device? ("listDevices=1" in config file displays a list of devices)

